PLINK v1.90b6.21 64-bit (19 Oct 2020)
Options in effect:
  --bfile /home/aelia/tutorials/GWASTutorial/01_Dataset/1KG.EAS.auto.snp.norm.nodup.split.rare002.common015.missing
  --missing
  --out plink_out/missing_rate_log

Hostname: Amit-G16
Working directory: /home/aelia/work/GWAS_Example
Start time: Mon Dec 23 19:35:43 2024

Random number seed: 1735011343
7783 MB RAM detected; reserving 3891 MB for main workspace.
1235116 variants loaded from .bim file.
504 people (0 males, 0 females, 504 ambiguous) loaded from .fam.
Ambiguous sex IDs written to plink_out/missing_rate_log.nosex .
Using 1 thread (no multithreaded calculations invoked).
Before main variant filters, 504 founders and 0 nonfounders present.
Calculating allele frequencies... done.
Total genotyping rate is 0.993828.
--missing: Sample missing data report written to
plink_out/missing_rate_log.imiss, and variant-based missing data report written
to plink_out/missing_rate_log.lmiss.

End time: Mon Dec 23 19:35:43 2024
